#
# A fatal error has been detected by the Java Runtime Environment:
#
#  EXCEPTION_ACCESS_VIOLATION (0xc0000005) at pc=0x00000000643a82b5, pid=8392, tid=10720
#
# JRE version: Java(TM) SE Runtime Environment (8.0_45-b15) (build 1.8.0_45-b15)
# Java VM: Java HotSpot(TM) 64-Bit Server VM (25.45-b02 mixed mode windows-amd64 compressed oops)
# Problematic frame:
# V  [jvm.dll+0x1282b5]
#
# Failed to write core dump. Minidumps are not enabled by default on client versions of Windows
#
# If you would like to submit a bug report, please visit:
#   http://bugreport.java.com/bugreport/crash.jsp
#

---------------  T H R E A D  ---------------

Current thread (0x0000000055b39800):  JavaThread "JDWP Transport Listener: dt_socket" daemon [_thread_in_vm, id=10720, stack(0x0000000057360000,0x0000000057460000)]

siginfo: ExceptionCode=0xc0000005, reading address 0x00003b003b746e65

Registers:
RAX=0x000000005745f101, RBX=0x0000000055b39800, RCX=0x00003b003b746e65, RDX=0x0000000000000000
RSP=0x000000005745f160, RBP=0x00003b003b746e65, RSI=0x000000005745f278, RDI=0x000000000040a310
R8 =0x0000000055b39800, R9 =0x00015c8606680003, R10=0x0000000000000000, R11=0x00000000596942c3
R12=0x0000000000000000, R13=0x0000000055b40f68, R14=0x0000000000000000, R15=0x0000000000000000
RIP=0x00000000643a82b5, EFLAGS=0x0000000000010206

Top of Stack: (sp=0x000000005745f160)
0x000000005745f160:   0000000055b39800 0000000055b39800
0x000000005745f170:   000000005745f228 00000000645ac7db
0x000000005745f180:   0000000055b39800 00000000645c903d
0x000000005745f190:   0000000000000000 0000000070729155
0x000000005745f1a0:   0000000059090838 000000007073291e
0x000000005745f1b0:   0000000055b39800 0000000000000000
0x000000005745f1c0:   0000000000000000 0000000000000000
0x000000005745f1d0:   00003b003b746e65 0000000070731a15
0x000000005745f1e0:   000000005745f278 000000005745f250
0x000000005745f1f0:   0000000000000001 0000000059090838
0x000000005745f200:   00003b003b746e65 00000000707153b3
0x000000005745f210:   000000005745f340 0000000000000001
0x000000005745f220:   0000000000000001 0000000059090838
0x000000005745f230:   0000000000000001 0000000000000000
0x000000005745f240:   0000000000000000 0000000000000000
0x000000005745f250:   0000000000000001 0000000070715571 

Instructions: (pc=0x00000000643a82b5)
0x00000000643a8295:   cc cc cc cc cc cc cc cc cc cc cc 48 83 ec 28 48
0x00000000643a82a5:   85 c9 75 07 33 c0 48 83 c4 28 c3 48 89 5c 24 20
0x00000000643a82b5:   48 8b 19 48 85 db 74 20 48 83 fb 37 74 1a 48 8b
0x00000000643a82c5:   13 48 8b cb ff 52 10 84 c0 74 0d 48 8b c3 48 8b 


Register to memory mapping:

RAX=0x000000005745f101 is pointing into the stack for thread: 0x0000000055b39800
RBX=0x0000000055b39800 is a thread
RCX=0x00003b003b746e65 is an unknown value
RDX=0x0000000000000000 is an unknown value
RSP=0x000000005745f160 is pointing into the stack for thread: 0x0000000055b39800
RBP=0x00003b003b746e65 is an unknown value
RSI=0x000000005745f278 is pointing into the stack for thread: 0x0000000055b39800
RDI=0x000000000040a310 is an unknown value
R8 =0x0000000055b39800 is a thread
R9 =0x00015c8606680003 is an unknown value
R10=0x0000000000000000 is an unknown value
R11=0x00000000596942c3 is an unknown value
R12=0x0000000000000000 is an unknown value
R13=0x0000000055b40f68 is an unknown value
R14=0x0000000000000000 is an unknown value
R15=0x0000000000000000 is an unknown value


Stack: [0x0000000057360000,0x0000000057460000],  sp=0x000000005745f160,  free space=1020k
Native frames: (J=compiled Java code, j=interpreted, Vv=VM code, C=native code)
V  [jvm.dll+0x1282b5]
V  [jvm.dll+0x34903d]
C  [jdwp.dll+0x21a15]
C  [jdwp.dll+0x53b3]
C  [jdwp.dll+0x5571]
C  [jdwp.dll+0xf0a8]
C  [jdwp.dll+0x1f2d5]
C  [jdwp.dll+0x1f4aa]
V  [jvm.dll+0x1bae98]
V  [jvm.dll+0x241984]
V  [jvm.dll+0x29853a]
C  [msvcr100.dll+0x21d9f]
C  [msvcr100.dll+0x21e3b]
C  [kernel32.dll+0x159ed]
C  [ntdll.dll+0x2c541]


---------------  P R O C E S S  ---------------

Java Threads: ( => current thread )
  0x000000005a30a800 JavaThread "ActiveMQ InactivityMonitor Worker" daemon [_thread_blocked, id=8412, stack(0x0000000064f60000,0x0000000065060000)]
  0x000000005b1dd000 JavaThread "http-nio-50002-exec-10" daemon [_thread_blocked, id=12088, stack(0x0000000063730000,0x0000000063830000)]
  0x0000000059e87000 JavaThread "http-nio-50002-exec-9" daemon [_thread_blocked, id=11260, stack(0x00000000630d0000,0x00000000631d0000)]
  0x0000000059e86800 JavaThread "http-nio-50002-exec-8" daemon [_thread_blocked, id=10916, stack(0x0000000064c70000,0x0000000064d70000)]
  0x000000005a24d000 JavaThread "http-nio-50002-exec-7" daemon [_thread_blocked, id=6504, stack(0x0000000063b10000,0x0000000063c10000)]
  0x0000000059e85800 JavaThread "http-nio-50002-exec-6" daemon [_thread_blocked, id=10680, stack(0x00000000640c0000,0x00000000641c0000)]
  0x0000000059e85000 JavaThread "http-nio-50002-exec-5" daemon [_thread_blocked, id=3444, stack(0x0000000062db0000,0x0000000062eb0000)]
  0x0000000059e84000 JavaThread "http-nio-50002-exec-4" daemon [_thread_blocked, id=10456, stack(0x0000000063f70000,0x0000000064070000)]
  0x000000005a24e800 JavaThread "http-nio-50002-exec-3" daemon [_thread_blocked, id=6292, stack(0x0000000063e60000,0x0000000063f60000)]
  0x000000005a24f000 JavaThread "http-nio-50002-exec-2" daemon [_thread_blocked, id=11676, stack(0x0000000062c90000,0x0000000062d90000)]
  0x000000005a24d800 JavaThread "http-nio-50002-exec-1" daemon [_thread_blocked, id=12196, stack(0x00000000634b0000,0x00000000635b0000)]
  0x000000005a24b800 JavaThread "DestroyJavaVM" [_thread_blocked, id=8700, stack(0x0000000002070000,0x0000000002170000)]
  0x000000005a24a800 JavaThread "http-nio-50002-Acceptor-0" daemon [_thread_in_native, id=6992, stack(0x0000000062fa0000,0x00000000630a0000)]
  0x000000005a24a000 JavaThread "http-nio-50002-ClientPoller-1" daemon [_thread_in_native, id=12248, stack(0x0000000062a70000,0x0000000062b70000)]
  0x000000005a249000 JavaThread "http-nio-50002-ClientPoller-0" daemon [_thread_in_native, id=9792, stack(0x0000000062b90000,0x0000000062c90000)]
  0x000000005a248800 JavaThread "NioBlockingSelector.BlockPoller-1" daemon [_thread_in_native, id=11636, stack(0x00000000628f0000,0x00000000629f0000)]
  0x000000005b1dc800 JavaThread "ActiveMQ InactivityMonitor WriteCheckTimer" daemon [_thread_blocked, id=10444, stack(0x0000000062630000,0x0000000062730000)]
  0x000000005b1db800 JavaThread "ActiveMQ Transport: tcp://localhost/127.0.0.1:61616@49726" [_thread_in_native, id=11376, stack(0x0000000057f00000,0x0000000058000000)]
  0x000000005b1db000 JavaThread "ActiveMQ InactivityMonitor ReadCheckTimer" daemon [_thread_blocked, id=7816, stack(0x0000000058990000,0x0000000058a90000)]
  0x000000005b1da000 JavaThread "MVStore background writer nio:C:/apps/zz/spring-angularjs-oauth2-sample-master/esparda-service-storage/db/storage.mv.db" daemon [_thread_blocked, id=11300, stack(0x0000000057460000,0x0000000057560000)]
  0x000000005bf4d000 JavaThread "Tomcat JDBC Pool Cleaner[349885916:1451922818979]" daemon [_thread_blocked, id=11936, stack(0x000000005b800000,0x000000005b900000)]
  0x000000005826b800 JavaThread "container-0" [_thread_blocked, id=2884, stack(0x000000005d270000,0x000000005d370000)]
  0x0000000059a94000 JavaThread "ContainerBackgroundProcessor[StandardEngine[Tomcat].StandardHost[localhost].StandardContext[/v1/storage]]" daemon [_thread_blocked, id=9076, stack(0x000000005a0e0000,0x000000005a1e0000)]
  0x0000000055b8d000 JavaThread "Service Thread" daemon [_thread_blocked, id=8916, stack(0x0000000057de0000,0x0000000057ee0000)]
  0x0000000055b5b800 JavaThread "C1 CompilerThread1" daemon [_thread_blocked, id=8148, stack(0x0000000057cd0000,0x0000000057dd0000)]
  0x0000000055b59000 JavaThread "C2 CompilerThread0" daemon [_thread_blocked, id=11208, stack(0x0000000057790000,0x0000000057890000)]
  0x0000000055b4a000 JavaThread "JDWP Command Reader" daemon [_thread_in_native, id=4112, stack(0x00000000575d0000,0x00000000576d0000)]
  0x0000000055b46800 JavaThread "JDWP Event Helper Thread" daemon [_thread_blocked, id=11820, stack(0x00000000571a0000,0x00000000572a0000)]
=>0x0000000055b39800 JavaThread "JDWP Transport Listener: dt_socket" daemon [_thread_in_vm, id=10720, stack(0x0000000057360000,0x0000000057460000)]
  0x0000000055b30000 JavaThread "Attach Listener" daemon [_thread_blocked, id=8080, stack(0x0000000056420000,0x0000000056520000)]
  0x0000000055b2f000 JavaThread "Signal Dispatcher" daemon [_thread_blocked, id=7480, stack(0x0000000056a90000,0x0000000056b90000)]
  0x0000000055ad1000 JavaThread "Finalizer" daemon [_thread_blocked, id=11684, stack(0x0000000056930000,0x0000000056a30000)]
  0x0000000055ac8000 JavaThread "Reference Handler" daemon [_thread_blocked, id=11832, stack(0x00000000567a0000,0x00000000568a0000)]

Other Threads:
  0x0000000055ac2000 VMThread [stack: 0x00000000565e0000,0x00000000566e0000] [id=10968]
  0x0000000055b8e800 WatcherThread [stack: 0x0000000058010000,0x0000000058110000] [id=11564]

VM state:not at safepoint (normal execution)

VM Mutex/Monitor currently owned by a thread: None

Heap:
 PSYoungGen      total 251392K, used 62328K [0x00000000e0b80000, 0x00000000f1880000, 0x0000000100000000)
  eden space 235520K, 19% used [0x00000000e0b80000,0x00000000e38e5ad8,0x00000000ef180000)
  from space 15872K, 99% used [0x00000000f0900000,0x00000000f18786e8,0x00000000f1880000)
  to   space 18432K, 0% used [0x00000000ef480000,0x00000000ef480000,0x00000000f0680000)
 ParOldGen       total 91136K, used 28857K [0x00000000a2200000, 0x00000000a7b00000, 0x00000000e0b80000)
  object space 91136K, 31% used [0x00000000a2200000,0x00000000a3e2e5f0,0x00000000a7b00000)
 Metaspace       used 54856K, capacity 55294K, committed 55808K, reserved 1097728K
  class space    used 6959K, capacity 7080K, committed 7168K, reserved 1048576K

Card table byte_map: [0x0000000011800000,0x0000000011af0000] byte_map_base: 0x00000000112ef000

Marking Bits: (ParMarkBitMap*) 0x0000000064a84040
 Begin Bits: [0x0000000011fb0000, 0x0000000013728000)
 End Bits:   [0x0000000013728000, 0x0000000014ea0000)

Polling page: 0x0000000000100000

CodeCache: size=245760Kb used=18567Kb max_used=18571Kb free=227192Kb
 bounds [0x0000000002440000, 0x0000000003680000, 0x0000000011440000]
 total_blobs=5663 nmethods=5152 adapters=433
 compilation: enabled

Compilation events (10 events):
Event: 838.668 Thread 0x0000000055b5b800 6291       3       org.h2.mvstore.MVMap::areValuesEqual (37 bytes)
Event: 838.668 Thread 0x0000000055b5b800 nmethod 6291 0x0000000003666ad0 code [0x0000000003666c40, 0x0000000003666fa8]
Event: 841.800 Thread 0x0000000055b59000 6292       4       java.nio.HeapByteBuffer::put (54 bytes)
Event: 841.804 Thread 0x0000000055b59000 nmethod 6292 0x000000000367a5d0 code [0x000000000367a720, 0x000000000367aa38]
Event: 844.470 Thread 0x0000000055b59000 6293       4       java.lang.Long::hashCode (8 bytes)
Event: 844.470 Thread 0x0000000055b59000 nmethod 6293 0x0000000002e67d10 code [0x0000000002e67e40, 0x0000000002e67e98]
Event: 844.471 Thread 0x0000000055b59000 6294       4       sun.nio.cs.ISO_8859_1$Encoder::<init> (6 bytes)
Event: 844.475 Thread 0x0000000055b59000 nmethod 6294 0x000000000367acd0 code [0x000000000367ae40, 0x000000000367b1b8]
Event: 849.721 Thread 0x0000000055b5b800 6295       3       java.util.concurrent.SynchronousQueue$TransferStack::awaitFulfill (166 bytes)
Event: 849.723 Thread 0x0000000055b5b800 nmethod 6295 0x0000000003664c10 code [0x0000000003664e80, 0x0000000003666328]

GC Heap History (10 events):
Event: 18.975 GC heap before
{Heap before GC invocations=10 (full 1):
 PSYoungGen      total 143872K, used 143527K [0x00000000e0b80000, 0x00000000edc00000, 0x0000000100000000)
  eden space 135680K, 100% used [0x00000000e0b80000,0x00000000e9000000,0x00000000e9000000)
  from space 8192K, 95% used [0x00000000ed400000,0x00000000edba9d78,0x00000000edc00000)
  to   space 9216K, 0% used [0x00000000eca00000,0x00000000eca00000,0x00000000ed300000)
 ParOldGen       total 56832K, used 13267K [0x00000000a2200000, 0x00000000a5980000, 0x00000000e0b80000)
  object space 56832K, 23% used [0x00000000a2200000,0x00000000a2ef4fb8,0x00000000a5980000)
 Metaspace       used 30991K, capacity 31206K, committed 31488K, reserved 1077248K
  class space    used 3892K, capacity 3974K, committed 4096K, reserved 1048576K
Event: 19.032 GC heap after
Heap after GC invocations=10 (full 1):
 PSYoungGen      total 174592K, used 9207K [0x00000000e0b80000, 0x00000000ed480000, 0x0000000100000000)
  eden space 165376K, 0% used [0x00000000e0b80000,0x00000000e0b80000,0x00000000ead00000)
  from space 9216K, 99% used [0x00000000eca00000,0x00000000ed2fdcd0,0x00000000ed300000)
  to   space 1536K, 0% used [0x00000000ed300000,0x00000000ed300000,0x00000000ed480000)
 ParOldGen       total 56832K, used 16088K [0x00000000a2200000, 0x00000000a5980000, 0x00000000e0b80000)
  object space 56832K, 28% used [0x00000000a2200000,0x00000000a31b6288,0x00000000a5980000)
 Metaspace       used 30991K, capacity 31206K, committed 31488K, reserved 1077248K
  class space    used 3892K, capacity 3974K, committed 4096K, reserved 1048576K
}
Event: 20.896 GC heap before
{Heap before GC invocations=11 (full 1):
 PSYoungGen      total 174592K, used 53798K [0x00000000e0b80000, 0x00000000ed480000, 0x0000000100000000)
  eden space 165376K, 26% used [0x00000000e0b80000,0x00000000e370bca0,0x00000000ead00000)
  from space 9216K, 99% used [0x00000000eca00000,0x00000000ed2fdcd0,0x00000000ed300000)
  to   space 1536K, 0% used [0x00000000ed300000,0x00000000ed300000,0x00000000ed480000)
 ParOldGen       total 56832K, used 16088K [0x00000000a2200000, 0x00000000a5980000, 0x00000000e0b80000)
  object space 56832K, 28% used [0x00000000a2200000,0x00000000a31b6288,0x00000000a5980000)
 Metaspace       used 34932K, capacity 35212K, committed 35496K, reserved 1081344K
  class space    used 4508K, capacity 4581K, committed 4608K, reserved 1048576K
Event: 21.014 GC heap after
Heap after GC invocations=11 (full 1):
 PSYoungGen      total 193024K, used 1520K [0x00000000e0b80000, 0x00000000ef480000, 0x0000000100000000)
  eden space 191488K, 0% used [0x00000000e0b80000,0x00000000e0b80000,0x00000000ec680000)
  from space 1536K, 98% used [0x00000000ed300000,0x00000000ed47c010,0x00000000ed480000)
  to   space 12800K, 0% used [0x00000000ec680000,0x00000000ec680000,0x00000000ed300000)
 ParOldGen       total 56832K, used 27506K [0x00000000a2200000, 0x00000000a5980000, 0x00000000e0b80000)
  object space 56832K, 48% used [0x00000000a2200000,0x00000000a3cdcb48,0x00000000a5980000)
 Metaspace       used 34932K, capacity 35212K, committed 35496K, reserved 1081344K
  class space    used 4508K, capacity 4581K, committed 4608K, reserved 1048576K
}
Event: 21.014 GC heap before
{Heap before GC invocations=12 (full 2):
 PSYoungGen      total 193024K, used 1520K [0x00000000e0b80000, 0x00000000ef480000, 0x0000000100000000)
  eden space 191488K, 0% used [0x00000000e0b80000,0x00000000e0b80000,0x00000000ec680000)
  from space 1536K, 98% used [0x00000000ed300000,0x00000000ed47c010,0x00000000ed480000)
  to   space 12800K, 0% used [0x00000000ec680000,0x00000000ec680000,0x00000000ed300000)
 ParOldGen       total 56832K, used 27506K [0x00000000a2200000, 0x00000000a5980000, 0x00000000e0b80000)
  object space 56832K, 48% used [0x00000000a2200000,0x00000000a3cdcb48,0x00000000a5980000)
 Metaspace       used 34932K, capacity 35212K, committed 35496K, reserved 1081344K
  class space    used 4508K, capacity 4581K, committed 4608K, reserved 1048576K
Event: 21.471 GC heap after
Heap after GC invocations=12 (full 2):
 PSYoungGen      total 193024K, used 0K [0x00000000e0b80000, 0x00000000ef480000, 0x0000000100000000)
  eden space 191488K, 0% used [0x00000000e0b80000,0x00000000e0b80000,0x00000000ec680000)
  from space 1536K, 0% used [0x00000000ed300000,0x00000000ed300000,0x00000000ed480000)
  to   space 12800K, 0% used [0x00000000ec680000,0x00000000ec680000,0x00000000ed300000)
 ParOldGen       total 91136K, used 22167K [0x00000000a2200000, 0x00000000a7b00000, 0x00000000e0b80000)
  object space 91136K, 24% used [0x00000000a2200000,0x00000000a37a5d38,0x00000000a7b00000)
 Metaspace       used 34932K, capacity 35212K, committed 35496K, reserved 1081344K
  class space    used 4508K, capacity 4581K, committed 4608K, reserved 1048576K
}
Event: 28.432 GC heap before
{Heap before GC invocations=13 (full 2):
 PSYoungGen      total 193024K, used 191488K [0x00000000e0b80000, 0x00000000ef480000, 0x0000000100000000)
  eden space 191488K, 100% used [0x00000000e0b80000,0x00000000ec680000,0x00000000ec680000)
  from space 1536K, 0% used [0x00000000ed300000,0x00000000ed300000,0x00000000ed480000)
  to   space 12800K, 0% used [0x00000000ec680000,0x00000000ec680000,0x00000000ed300000)
 ParOldGen       total 91136K, used 22167K [0x00000000a2200000, 0x00000000a7b00000, 0x00000000e0b80000)
  object space 91136K, 24% used [0x00000000a2200000,0x00000000a37a5d38,0x00000000a7b00000)
 Metaspace       used 46465K, capacity 46768K, committed 47104K, reserved 1089536K
  class space    used 5977K, capacity 6081K, committed 6144K, reserved 1048576K
Event: 28.699 GC heap after
Heap after GC invocations=13 (full 2):
 PSYoungGen      total 204288K, used 12790K [0x00000000e0b80000, 0x00000000f1880000, 0x0000000100000000)
  eden space 191488K, 0% used [0x00000000e0b80000,0x00000000e0b80000,0x00000000ec680000)
  from space 12800K, 99% used [0x00000000ec680000,0x00000000ed2fdbb8,0x00000000ed300000)
  to   space 15872K, 0% used [0x00000000f0900000,0x00000000f0900000,0x00000000f1880000)
 ParOldGen       total 91136K, used 27220K [0x00000000a2200000, 0x00000000a7b00000, 0x00000000e0b80000)
  object space 91136K, 29% used [0x00000000a2200000,0x00000000a3c95090,0x00000000a7b00000)
 Metaspace       used 46465K, capacity 46768K, committed 47104K, reserved 1089536K
  class space    used 5977K, capacity 6081K, committed 6144K, reserved 1048576K
}
Event: 524.397 GC heap before
{Heap before GC invocations=14 (full 2):
 PSYoungGen      total 204288K, used 204278K [0x00000000e0b80000, 0x00000000f1880000, 0x0000000100000000)
  eden space 191488K, 100% used [0x00000000e0b80000,0x00000000ec680000,0x00000000ec680000)
  from space 12800K, 99% used [0x00000000ec680000,0x00000000ed2fdbb8,0x00000000ed300000)
  to   space 15872K, 0% used [0x00000000f0900000,0x00000000f0900000,0x00000000f1880000)
 ParOldGen       total 91136K, used 27220K [0x00000000a2200000, 0x00000000a7b00000, 0x00000000e0b80000)
  object space 91136K, 29% used [0x00000000a2200000,0x00000000a3c95090,0x00000000a7b00000)
 Metaspace       used 54828K, capacity 55294K, committed 55808K, reserved 1097728K
  class space    used 6959K, capacity 7080K, committed 7168K, reserved 1048576K
Event: 524.444 GC heap after
Heap after GC invocations=14 (full 2):
 PSYoungGen      total 251392K, used 15841K [0x00000000e0b80000, 0x00000000f1880000, 0x0000000100000000)
  eden space 235520K, 0% used [0x00000000e0b80000,0x00000000e0b80000,0x00000000ef180000)
  from space 15872K, 99% used [0x00000000f0900000,0x00000000f18786e8,0x00000000f1880000)
  to   space 18432K, 0% used [0x00000000ef480000,0x00000000ef480000,0x00000000f0680000)
 ParOldGen       total 91136K, used 28857K [0x00000000a2200000, 0x00000000a7b00000, 0x00000000e0b80000)
  object space 91136K, 31% used [0x00000000a2200000,0x00000000a3e2e5f0,0x00000000a7b00000)
 Metaspace       used 54828K, capacity 55294K, committed 55808K, reserved 1097728K
  class space    used 6959K, capacity 7080K, committed 7168K, reserved 1048576K
}

Deoptimization events (10 events):
Event: 388.722 Thread 0x000000005a24e800 Uncommon trap: reason=unhandled action=none pc=0x0000000002fa7280 method=java.lang.Class.getDeclaredMethod(Ljava/lang/String;[Ljava/lang/Class;)Ljava/lang/reflect/Method; @ 64
Event: 388.723 Thread 0x000000005a24e800 Uncommon trap: reason=unhandled action=none pc=0x00000000030adfb4 method=java.net.URLClassLoader.findClass(Ljava/lang/String;)Ljava/lang/Class; @ 44
Event: 463.855 Thread 0x000000005b1da000 Uncommon trap: reason=unstable_if action=reinterpret pc=0x0000000003456e08 method=org.h2.mvstore.cache.CacheLongKeyLIRS$Segment.get(JI)Ljava/lang/Object; @ 90
Event: 476.465 Thread 0x000000005b1da000 Uncommon trap: reason=unstable_if action=reinterpret pc=0x00000000034362fc method=org.h2.mvstore.cache.CacheLongKeyLIRS$Segment.get(JI)Ljava/lang/Object; @ 90
Event: 488.518 Thread 0x0000000059e84000 Uncommon trap: reason=unhandled action=none pc=0x0000000002fb1ff0 method=java.lang.Long.parseLong(Ljava/lang/String;I)J @ 13
Event: 488.551 Thread 0x0000000059e84000 Uncommon trap: reason=unstable_if action=reinterpret pc=0x00000000025e4e00 method=java.lang.Class.reflectionData()Ljava/lang/Class$ReflectionData; @ 37
Event: 488.553 Thread 0x0000000059e84000 Uncommon trap: reason=unstable_if action=reinterpret pc=0x0000000002e0f91c method=java.lang.Class.annotationData()Ljava/lang/Class$AnnotationData; @ 19
Event: 494.672 Thread 0x0000000059e84000 Uncommon trap: reason=unstable_if action=reinterpret pc=0x0000000002f0a5a0 method=java.lang.Class.reflectionData()Ljava/lang/Class$ReflectionData; @ 37
Event: 525.609 Thread 0x0000000059e85000 Uncommon trap: reason=unhandled action=none pc=0x0000000002fb1ff0 method=java.lang.Long.parseLong(Ljava/lang/String;I)J @ 13
Event: 525.624 Thread 0x0000000059e85000 Uncommon trap: reason=unstable_if action=reinterpret pc=0x0000000002cfa930 method=java.lang.Class.reflectionData()Ljava/lang/Class$ReflectionData; @ 37

Internal exceptions (10 events):
Event: 162.840 Thread 0x000000005a24d800 Exception <a 'java/lang/ArrayIndexOutOfBoundsException': 92> (0x00000000e8ce9db0) thrown at [C:\re\workspace\8-2-build-windows-amd64-cygwin\jdk8u45\3627\hotspot\src\share\vm\interpreter\interpreterRuntime.cpp, line 366]
Event: 162.841 Thread 0x000000005a24d800 Exception <a 'java/lang/ArrayIndexOutOfBoundsException': 139> (0x00000000e8cec1d0) thrown at [C:\re\workspace\8-2-build-windows-amd64-cygwin\jdk8u45\3627\hotspot\src\share\vm\interpreter\interpreterRuntime.cpp, line 366]
Event: 162.841 Thread 0x000000005a24d800 Exception <a 'java/lang/ArrayIndexOutOfBoundsException': 83> (0x00000000e8ced948) thrown at [C:\re\workspace\8-2-build-windows-amd64-cygwin\jdk8u45\3627\hotspot\src\share\vm\interpreter\interpreterRuntime.cpp, line 366]
Event: 268.072 Thread 0x000000005a24f000 Exception <a 'java/lang/NullPointerException'> (0x00000000e700d558) thrown at [C:\re\workspace\8-2-build-windows-amd64-cygwin\jdk8u45\3627\hotspot\src\share\vm\interpreter\linkResolver.cpp, line 1280]
Event: 268.072 Thread 0x000000005a24f000 Exception <a 'java/lang/reflect/InvocationTargetException'> (0x00000000e700df00) thrown at [C:\re\workspace\8-2-build-windows-amd64-cygwin\jdk8u45\3627\hotspot\src\share\vm\runtime\reflection.cpp, line 1080]
Event: 388.697 Thread 0x000000005a24e800 Exception <a 'java/lang/NullPointerException'> (0x00000000e711e960) thrown at [C:\re\workspace\8-2-build-windows-amd64-cygwin\jdk8u45\3627\hotspot\src\share\vm\interpreter\linkResolver.cpp, line 1280]
Event: 388.698 Thread 0x000000005a24e800 Exception <a 'java/lang/reflect/InvocationTargetException'> (0x00000000e711f308) thrown at [C:\re\workspace\8-2-build-windows-amd64-cygwin\jdk8u45\3627\hotspot\src\share\vm\runtime\reflection.cpp, line 1080]
Event: 388.721 Thread 0x000000005a24e800 Exception <a 'java/io/IOException'> (0x00000000eb42bf50) thrown at [C:\re\workspace\8-2-build-windows-amd64-cygwin\jdk8u45\3627\hotspot\src\share\vm\prims\jni.cpp, line 709]
Event: 388.737 Thread 0x000000005a24e800 Exception <a 'java/io/IOException'> (0x00000000eb4828e0) thrown at [C:\re\workspace\8-2-build-windows-amd64-cygwin\jdk8u45\3627\hotspot\src\share\vm\prims\jni.cpp, line 709]
Event: 388.738 Thread 0x000000005a24e800 Exception <a 'java/io/IOException'> (0x00000000eb482f88) thrown at [C:\re\workspace\8-2-build-windows-amd64-cygwin\jdk8u45\3627\hotspot\src\share\vm\prims\jni.cpp, line 709]

Events (10 events):
Event: 610.690 Thread 0x0000000055b5b800 flushing nmethod 0x00000000027d2f10
Event: 639.417 Thread 0x0000000055b59000 flushing nmethod 0x0000000002ec9150
Event: 639.417 Thread 0x0000000055b59000 flushing nmethod 0x0000000002ee0f90
Event: 639.418 Thread 0x0000000055b59000 flushing nmethod 0x0000000002efa190
Event: 853.607 Executing VM operation: ChangeBreakpoints
Event: 853.610 Executing VM operation: ChangeBreakpoints done
Event: 853.611 Executing VM operation: ChangeBreakpoints
Event: 853.613 Executing VM operation: ChangeBreakpoints done
Event: 856.747 Executing VM operation: RedefineClasses
Event: 856.808 Executing VM operation: RedefineClasses done


Dynamic libraries:
0x000000013f090000 - 0x000000013f0c7000 	C:\apps\workspace-gps\java\jdk1.8.0_45\bin\javaw.exe
0x0000000077700000 - 0x00000000778a9000 	C:\Windows\SYSTEM32\ntdll.dll
0x00000000775e0000 - 0x00000000776ff000 	C:\Windows\system32\kernel32.dll
0x000007fefd5e0000 - 0x000007fefd64c000 	C:\Windows\system32\KERNELBASE.dll
0x000007feff930000 - 0x000007feffa0b000 	C:\Windows\system32\ADVAPI32.dll
0x000007fefec60000 - 0x000007fefecff000 	C:\Windows\system32\msvcrt.dll
0x000007fefed00000 - 0x000007fefed1f000 	C:\Windows\SYSTEM32\sechost.dll
0x000007feff5d0000 - 0x000007feff6fd000 	C:\Windows\system32\RPCRT4.dll
0x00000000774e0000 - 0x00000000775da000 	C:\Windows\system32\USER32.dll
0x000007fefebf0000 - 0x000007fefec57000 	C:\Windows\system32\GDI32.dll
0x000007feff700000 - 0x000007feff70e000 	C:\Windows\system32\LPK.dll
0x000007feff280000 - 0x000007feff349000 	C:\Windows\system32\USP10.dll
0x000007fefbeb0000 - 0x000007fefc0a4000 	C:\Windows\WinSxS\amd64_microsoft.windows.common-controls_6595b64144ccf1df_6.0.7601.17514_none_fa396087175ac9ac\COMCTL32.dll
0x000007fefed90000 - 0x000007fefee01000 	C:\Windows\system32\SHLWAPI.dll
0x000007feff140000 - 0x000007feff16e000 	C:\Windows\system32\IMM32.DLL
0x000007feff170000 - 0x000007feff279000 	C:\Windows\system32\MSCTF.dll
0x0000000064b10000 - 0x0000000064be2000 	C:\apps\workspace-gps\java\jdk1.8.0_45\jre\bin\msvcr100.dll
0x0000000064280000 - 0x0000000064b03000 	C:\apps\workspace-gps\java\jdk1.8.0_45\jre\bin\server\jvm.dll
0x000007fef4530000 - 0x000007fef4539000 	C:\Windows\system32\WSOCK32.dll
0x000007fefed40000 - 0x000007fefed8d000 	C:\Windows\system32\WS2_32.dll
0x000007feff920000 - 0x000007feff928000 	C:\Windows\system32\NSI.dll
0x000007fefafe0000 - 0x000007fefb01b000 	C:\Windows\system32\WINMM.dll
0x000007fefc5a0000 - 0x000007fefc5ac000 	C:\Windows\system32\VERSION.dll
0x00000000778c0000 - 0x00000000778c7000 	C:\Windows\system32\PSAPI.DLL
0x0000000064270000 - 0x000000006427f000 	C:\apps\workspace-gps\java\jdk1.8.0_45\jre\bin\verify.dll
0x0000000064240000 - 0x0000000064269000 	C:\apps\workspace-gps\java\jdk1.8.0_45\jre\bin\java.dll
0x0000000070710000 - 0x0000000070745000 	C:\apps\workspace-gps\java\jdk1.8.0_45\jre\bin\jdwp.dll
0x0000000072b80000 - 0x0000000072b88000 	C:\apps\workspace-gps\java\jdk1.8.0_45\jre\bin\npt.dll
0x0000000064220000 - 0x0000000064236000 	C:\apps\workspace-gps\java\jdk1.8.0_45\jre\bin\zip.dll
0x000007fefdb10000 - 0x000007fefe898000 	C:\Windows\system32\SHELL32.dll
0x000007feff710000 - 0x000007feff913000 	C:\Windows\system32\ole32.dll
0x000007fefd4d0000 - 0x000007fefd4df000 	C:\Windows\system32\profapi.dll
0x00000000716e0000 - 0x00000000716e9000 	C:\apps\workspace-gps\java\jdk1.8.0_45\jre\bin\dt_socket.dll
0x000007fefaec0000 - 0x000007fefaed5000 	C:\Windows\system32\NLAapi.dll
0x000007fef7630000 - 0x000007fef7645000 	C:\Windows\system32\napinsp.dll
0x000007fef7610000 - 0x000007fef7629000 	C:\Windows\system32\pnrpnsp.dll
0x000007fefcc90000 - 0x000007fefcce5000 	C:\Windows\System32\mswsock.dll
0x000007fefcae0000 - 0x000007fefcb3b000 	C:\Windows\system32\DNSAPI.dll
0x000007fef7600000 - 0x000007fef760b000 	C:\Windows\System32\winrnr.dll
0x000007fef75f0000 - 0x000007fef7600000 	C:\Windows\system32\wshbth.dll
0x000007fef8be0000 - 0x000007fef8bfa000 	C:\ProgramData\FireEye\FireEye Agent\Accessible\NamespaceEvents_0.dll
0x000007fefabc0000 - 0x000007fefabe7000 	C:\Windows\system32\IPHLPAPI.DLL
0x000007fefab90000 - 0x000007fefab9b000 	C:\Windows\system32\WINNSI.DLL
0x000007fefa930000 - 0x000007fefa983000 	C:\Windows\System32\fwpuclnt.dll
0x000007fef8bd0000 - 0x000007fef8bd8000 	C:\Windows\system32\rasadhlp.dll
0x000007fefc670000 - 0x000007fefc677000 	C:\Windows\System32\wshtcpip.dll
0x00000000641f0000 - 0x00000000641fd000 	C:\apps\workspace-gps\java\jdk1.8.0_45\jre\bin\management.dll
0x0000000064200000 - 0x000000006421a000 	C:\apps\workspace-gps\java\jdk1.8.0_45\jre\bin\net.dll
0x000007fefcc80000 - 0x000007fefcc87000 	C:\Windows\System32\wship6.dll
0x00000000641d0000 - 0x00000000641e1000 	C:\apps\workspace-gps\java\jdk1.8.0_45\jre\bin\nio.dll
0x000007fefcea0000 - 0x000007fefceb7000 	C:\Windows\system32\CRYPTSP.dll
0x000007fefc950000 - 0x000007fefc997000 	C:\Windows\system32\rsaenh.dll
0x000007fefd530000 - 0x000007fefd54e000 	C:\Windows\system32\USERENV.dll
0x000007fefd320000 - 0x000007fefd32f000 	C:\Windows\system32\CRYPTBASE.dll
0x000007fefa630000 - 0x000007fefa641000 	C:\Windows\system32\dhcpcsvc6.DLL
0x000007fefa6d0000 - 0x000007fefa6e8000 	C:\Windows\system32\dhcpcsvc.DLL
0x000007fef56b0000 - 0x000007fef57d5000 	C:\Windows\system32\dbghelp.dll

VM Arguments:
jvm_args: -agentlib:jdwp=transport=dt_socket,suspend=y,address=localhost:49714 -Dfile.encoding=UTF-8 
java_command: br.com.esparda.core.StorageApp
java_class_path (initial): C:\apps\zz\spring-angularjs-oauth2-sample-master\esparda-service-storage\target\classes;C:\apps\repository\org\springframework\boot\spring-boot-starter-web\1.3.0.RELEASE\spring-boot-starter-web-1.3.0.RELEASE.jar;C:\apps\repository\org\springframework\boot\spring-boot-starter\1.3.0.RELEASE\spring-boot-starter-1.3.0.RELEASE.jar;C:\apps\repository\org\springframework\boot\spring-boot\1.3.0.RELEASE\spring-boot-1.3.0.RELEASE.jar;C:\apps\repository\org\springframework\boot\spring-boot-autoconfigure\1.3.0.RELEASE\spring-boot-autoconfigure-1.3.0.RELEASE.jar;C:\apps\repository\org\springframework\boot\spring-boot-starter-logging\1.3.0.RELEASE\spring-boot-starter-logging-1.3.0.RELEASE.jar;C:\apps\repository\ch\qos\logback\logback-classic\1.1.3\logback-classic-1.1.3.jar;C:\apps\repository\ch\qos\logback\logback-core\1.1.3\logback-core-1.1.3.jar;C:\apps\repository\org\slf4j\jul-to-slf4j\1.7.13\jul-to-slf4j-1.7.13.jar;C:\apps\repository\org\slf4j\log4j-over-slf4j\1.7.13\log4j-over-slf4j-1.7.13.jar;C:\apps\repository\org\yaml\snakeyaml\1.16\snakeyaml-1.16.jar;C:\apps\repository\org\springframework\boot\spring-boot-starter-tomcat\1.3.0.RELEASE\spring-boot-starter-tomcat-1.3.0.RELEASE.jar;C:\apps\repository\org\apache\tomcat\embed\tomcat-embed-core\8.0.28\tomcat-embed-core-8.0.28.jar;C:\apps\repository\org\apache\tomcat\embed\tomcat-embed-el\8.0.28\tomcat-embed-el-8.0.28.jar;C:\apps\repository\org\apache\tomcat\embed\tomcat-embed-logging-juli\8.0.28\tomcat-embed-logging-juli-8.0.28.jar;C:\apps\repository\org\apache\tomcat\embed\tomcat-embed-websocket\8.0.28\tomcat-embed-websocket-8.0.28.jar;C:\apps\repository\org\springframework\boot\spring-boot-starter-validation\1.3.0.RELEASE\spring-boot-starter-validation-1.3.0.RELEASE.jar;C:\apps\repository\org\hibernate\hibernate-validator\5.2.2.Final\hibernate-validator-5.2.2.Final.jar;C:\apps\repository\javax\validation\validation-api\1.1.0.Final\validation-api-1.1.0.Final.jar;C:\apps\repository\com\fasterxml\cla
Launcher Type: SUN_STANDARD

Environment Variables:
JAVA_HOME=C:\apps\workspace-gps\java\jdk1.8.0_45
JRE_HOME=C:\apps\workspace-gps\java\jdk1.7.0_60\jre
CLASSPATH=C:\tibco\tibrv\8.4\\lib\tibrvnative.jar;C:\Program Files\IBM\RationalSDLC\ClearQuest\cqjni.jar
PATH=C:\apps\workspace-gps\java\jdk1.8.0_45\jre\bin;C:\tibco\tibrv\8.4\\bin;C:\Program Files\IBM\RationalSDLC\Clearquest\cqcli\bin;C:\Program Files\IBM\RationalSDLC\common;C:\app\Administrator\product\11.2.0\client_1\bin;C:\Windows\system32;C:\Windows;C:\Windows\System32\Wbem;C:\Windows\System32\WindowsPowerShell\v1.0\;C:\Program Files\IBM\RationalSDLC\ClearCase\bin;C:\Program Files (x86)\Microsoft Application Virtualization Client;C:\Program Files (x86)\TortoiseGit\bin;C:\Program Files\TortoiseSVN\bin;C:\apps\workspace-gps\java\apache-maven-3.3.3\bin;C:\apps\workspace-gps\java\jdk1.8.0_45\bin
USERNAME=p-pzatta
OS=Windows_NT
PROCESSOR_IDENTIFIER=Intel64 Family 6 Model 15 Stepping 13, GenuineIntel



---------------  S Y S T E M  ---------------

OS: Windows 7 , 64 bit Build 7601 (6.1.7601.18409)

CPU:total 2 (2 cores per cpu, 1 threads per core) family 6 model 15 stepping 13, cmov, cx8, fxsr, mmx, sse, sse2, sse3, ssse3, tsc

Memory: 4k page, physical 6148720k(310752k free), swap 12367260k(1146780k free)

vm_info: Java HotSpot(TM) 64-Bit Server VM (25.45-b02) for windows-amd64 JRE (1.8.0_45-b15), built on Apr 30 2015 12:40:44 by "java_re" with MS VC++ 10.0 (VS2010)

time: Mon Jan 04 14:07:34 2016
elapsed time: 857 seconds (0d 0h 14m 17s)

